2021-07-31 02:00:39,965 Starting
2021-07-31 02:00:39,977 Starting new HTTPS connection (1): api.unsplash.com:443
2021-07-31 02:00:40,467 https://api.unsplash.com:443 "GET /photos/random/ HTTP/1.1" 401 None
2021-07-31 02:01:42,817 Starting
2021-07-31 02:01:42,821 Starting new HTTPS connection (1): api.unsplash.com:443
2021-07-31 02:01:43,288 https://api.unsplash.com:443 "GET /photos/random/?client_id=_MyBzLAGvQqRAFe8iig7x_BDpNmyckAeNY3rei89x9s HTTP/1.1" 200 1130
2021-07-31 02:01:43,296 Starting new HTTPS connection (1): images.unsplash.com:443
2021-07-31 02:01:43,457 https://images.unsplash.com:443 "GET /photo-1625559116999-fbf2448ab2c0?crop=entropy&cs=tinysrgb&fit=max&fm=jpg&ixid=MnwyNTAxMzd8MHwxfHJhbmRvbXx8fHx8fHx8fDE2Mjc2NzcxMDE&ixlib=rb-1.2.1&q=80&w=1080 HTTP/1.1" 200 470474
2021-07-31 02:01:43,697 Starting new HTTPS connection (1): api.unsplash.com:443
2021-07-31 02:01:44,172 https://api.unsplash.com:443 "GET /photos/random/?client_id=_MyBzLAGvQqRAFe8iig7x_BDpNmyckAeNY3rei89x9s HTTP/1.1" 200 1043
2021-07-31 02:01:44,183 Starting new HTTPS connection (1): images.unsplash.com:443
2021-07-31 02:01:44,372 https://images.unsplash.com:443 "GET /photo-1625228103604-f2285e46d506?crop=entropy&cs=tinysrgb&fit=max&fm=jpg&ixid=MnwyNTAxMzd8MHwxfHJhbmRvbXx8fHx8fHx8fDE2Mjc2NzcxMDI&ixlib=rb-1.2.1&q=80&w=1080 HTTP/1.1" 200 187464
2021-07-31 02:01:44,597 file captured
2021-07-31 02:01:58,312 Starting
2021-07-31 02:01:58,322 Starting new HTTPS connection (1): api.unsplash.com:443
2021-07-31 02:01:58,837 https://api.unsplash.com:443 "GET /photos/random/?client_id=_MyBzLAGvQqRAFe8iig7x_BDpNmyckAeNY3rei89x9s HTTP/1.1" 200 1037
2021-07-31 02:01:58,841 Starting new HTTPS connection (1): images.unsplash.com:443
2021-07-31 02:01:59,008 https://images.unsplash.com:443 "GET /photo-1625603130750-5797daddc8b8?crop=entropy&cs=tinysrgb&fit=max&fm=jpg&ixid=MnwyNTAxMzd8MHwxfHJhbmRvbXx8fHx8fHx8fDE2Mjc2NzcxMTc&ixlib=rb-1.2.1&q=80&w=1080 HTTP/1.1" 200 283831
2021-07-31 02:01:59,210 Starting new HTTPS connection (1): api.unsplash.com:443
2021-07-31 02:01:59,680 https://api.unsplash.com:443 "GET /photos/random/?client_id=_MyBzLAGvQqRAFe8iig7x_BDpNmyckAeNY3rei89x9s HTTP/1.1" 200 1073
2021-07-31 02:01:59,690 Starting new HTTPS connection (1): images.unsplash.com:443
2021-07-31 02:01:59,879 https://images.unsplash.com:443 "GET /photo-1625482107418-828242ae20be?crop=entropy&cs=tinysrgb&fit=max&fm=jpg&ixid=MnwyNTAxMzd8MHwxfHJhbmRvbXx8fHx8fHx8fDE2Mjc2NzcxMTg&ixlib=rb-1.2.1&q=80&w=1080 HTTP/1.1" 200 200829
2021-07-31 02:02:00,093 file captured
2021-07-31 02:02:25,075 Starting
2021-07-31 02:02:25,081 Starting new HTTPS connection (1): api.unsplash.com:443
2021-07-31 02:02:25,535 https://api.unsplash.com:443 "GET /photos/random/?client_id=_MyBzLAGvQqRAFe8iig7x_BDpNmyckAeNY3rei89x9s HTTP/1.1" 200 1248
2021-07-31 02:02:25,542 Starting new HTTPS connection (1): images.unsplash.com:443
2021-07-31 02:02:25,743 https://images.unsplash.com:443 "GET /photo-1626019082342-fa8e1ca4101c?crop=entropy&cs=tinysrgb&fit=max&fm=jpg&ixid=MnwyNTAxMzd8MHwxfHJhbmRvbXx8fHx8fHx8fDE2Mjc2NzcxNDM&ixlib=rb-1.2.1&q=80&w=1080 HTTP/1.1" 200 25007
2021-07-31 02:02:25,856 Starting new HTTPS connection (1): api.unsplash.com:443
2021-07-31 02:02:26,325 https://api.unsplash.com:443 "GET /photos/random/?client_id=_MyBzLAGvQqRAFe8iig7x_BDpNmyckAeNY3rei89x9s HTTP/1.1" 200 1169
2021-07-31 02:02:26,330 Starting new HTTPS connection (1): images.unsplash.com:443
2021-07-31 02:02:26,511 https://images.unsplash.com:443 "GET /photo-1626089696640-3b4080b269f5?crop=entropy&cs=tinysrgb&fit=max&fm=jpg&ixid=MnwyNTAxMzd8MHwxfHJhbmRvbXx8fHx8fHx8fDE2Mjc2NzcxNDQ&ixlib=rb-1.2.1&q=80&w=1080 HTTP/1.1" 200 176077
2021-07-31 02:02:26,819 file captured
2021-07-31 02:04:28,930 Starting
2021-07-31 02:04:28,941 Starting new HTTPS connection (1): api.unsplash.com:443
2021-07-31 02:04:29,417 https://api.unsplash.com:443 "GET /photos/random/?client_id=_MyBzLAGvQqRAFe8iig7x_BDpNmyckAeNY3rei89x9s HTTP/1.1" 200 1101
2021-07-31 02:04:29,429 Starting new HTTPS connection (1): images.unsplash.com:443
2021-07-31 02:04:29,721 https://images.unsplash.com:443 "GET /photo-1625795839123-f689ff8740c3?crop=entropy&cs=tinysrgb&fit=max&fm=jpg&ixid=MnwyNTAxMzd8MHwxfHJhbmRvbXx8fHx8fHx8fDE2Mjc2NzcyNjc&ixlib=rb-1.2.1&q=80&w=1080 HTTP/1.1" 200 210203
2021-07-31 02:04:29,922 Starting new HTTPS connection (1): api.unsplash.com:443
2021-07-31 02:04:30,569 https://api.unsplash.com:443 "GET /photos/random/?client_id=_MyBzLAGvQqRAFe8iig7x_BDpNmyckAeNY3rei89x9s HTTP/1.1" 200 1060
2021-07-31 02:04:30,579 Starting new HTTPS connection (1): images.unsplash.com:443
2021-07-31 02:04:30,755 https://images.unsplash.com:443 "GET /photo-1625485352384-9cce3988b545?crop=entropy&cs=tinysrgb&fit=max&fm=jpg&ixid=MnwyNTAxMzd8MHwxfHJhbmRvbXx8fHx8fHx8fDE2Mjc2NzcyNjk&ixlib=rb-1.2.1&q=80&w=1080 HTTP/1.1" 200 351043
2021-07-31 02:04:31,009 file captured
2021-07-31 10:09:15,378 Starting
2021-07-31 10:09:15,385 Starting new HTTPS connection (1): api.unsplash.com:443
2021-07-31 10:09:15,843 https://api.unsplash.com:443 "GET /photos/random/?client_id=_MyBzLAGvQqRAFe8iig7x_BDpNmyckAeNY3rei89x9s HTTP/1.1" 200 1143
2021-07-31 10:09:15,854 Starting new HTTPS connection (1): images.unsplash.com:443
2021-07-31 10:09:16,079 https://images.unsplash.com:443 "GET /photo-1627000088106-cd1310bb7d23?crop=entropy&cs=tinysrgb&fit=max&fm=jpg&ixid=MnwyNTAxMzd8MHwxfHJhbmRvbXx8fHx8fHx8fDE2Mjc3MDYzNTQ&ixlib=rb-1.2.1&q=80&w=1080 HTTP/1.1" 200 206117
2021-07-31 10:09:16,275 Starting new HTTPS connection (1): api.unsplash.com:443
2021-07-31 10:09:16,707 https://api.unsplash.com:443 "GET /photos/random/?client_id=_MyBzLAGvQqRAFe8iig7x_BDpNmyckAeNY3rei89x9s HTTP/1.1" 200 1084
2021-07-31 10:09:16,712 Starting new HTTPS connection (1): images.unsplash.com:443
2021-07-31 10:09:16,904 https://images.unsplash.com:443 "GET /photo-1626889321405-8c8b2c547732?crop=entropy&cs=tinysrgb&fit=max&fm=jpg&ixid=MnwyNTAxMzd8MHwxfHJhbmRvbXx8fHx8fHx8fDE2Mjc3MDYzNTU&ixlib=rb-1.2.1&q=80&w=1080 HTTP/1.1" 200 287939
2021-07-31 10:09:17,174 file captured
2021-07-31 10:10:11,514 Starting
2021-07-31 10:10:11,523 Starting new HTTPS connection (1): api.unsplash.com:443
2021-07-31 10:10:12,144 https://api.unsplash.com:443 "GET /photos/random/?client_id=_MyBzLAGvQqRAFe8iig7x_BDpNmyckAeNY3rei89x9s HTTP/1.1" 200 1052
2021-07-31 10:10:12,154 Starting new HTTPS connection (1): images.unsplash.com:443
2021-07-31 10:10:12,513 https://images.unsplash.com:443 "GET /photo-1625672742144-3a9486965f37?crop=entropy&cs=tinysrgb&fit=max&fm=jpg&ixid=MnwyNTAxMzd8MHwxfHJhbmRvbXx8fHx8fHx8fDE2Mjc3MDY0MTE&ixlib=rb-1.2.1&q=80&w=1080 HTTP/1.1" 200 279680
2021-07-31 10:10:12,892 Starting new HTTPS connection (1): api.unsplash.com:443
2021-07-31 10:10:13,463 https://api.unsplash.com:443 "GET /photos/random/?client_id=_MyBzLAGvQqRAFe8iig7x_BDpNmyckAeNY3rei89x9s HTTP/1.1" 200 1132
2021-07-31 10:10:13,475 Starting new HTTPS connection (1): images.unsplash.com:443
2021-07-31 10:10:13,755 https://images.unsplash.com:443 "GET /photo-1627163971435-da44a53016be?crop=entropy&cs=tinysrgb&fit=max&fm=jpg&ixid=MnwyNTAxMzd8MHwxfHJhbmRvbXx8fHx8fHx8fDE2Mjc3MDY0MTI&ixlib=rb-1.2.1&q=80&w=1080 HTTP/1.1" 200 38794
2021-07-31 10:10:13,927 file captured
2021-07-31 11:27:11,578 Starting
2021-07-31 11:27:11,587 Starting new HTTPS connection (1): api.unsplash.com:443
2021-07-31 11:27:12,043 https://api.unsplash.com:443 "GET /photos/random/?client_id=_MyBzLAGvQqRAFe8iig7x_BDpNmyckAeNY3rei89x9s HTTP/1.1" 200 1215
2021-07-31 11:27:12,049 Starting new HTTPS connection (1): images.unsplash.com:443
2021-07-31 11:27:12,227 https://images.unsplash.com:443 "GET /photo-1627350018075-d95b5dc0b01f?crop=entropy&cs=tinysrgb&fit=max&fm=jpg&ixid=MnwyNTAxMzd8MHwxfHJhbmRvbXx8fHx8fHx8fDE2Mjc3MTEwMzE&ixlib=rb-1.2.1&q=80&w=1080 HTTP/1.1" 200 240411
2021-07-31 11:27:12,471 file captured
