2021-08-07 20:55:56,944 Starting
2021-08-07 20:55:56,949 Starting new HTTPS connection (1): api.unsplash.com:443
2021-08-07 20:55:57,376 https://api.unsplash.com:443 "GET /photos/random/?client_id=_MyBzLAGvQqRAFe8iig7x_BDpNmyckAeNY3rei89x9s HTTP/1.1" 200 1197
2021-08-07 20:55:57,379 Starting new HTTPS connection (1): images.unsplash.com:443
2021-08-07 20:55:57,487 https://images.unsplash.com:443 "GET /photo-1626467847204-24db262166d1?crop=entropy&cs=tinysrgb&fit=max&fm=jpg&ixid=MnwyNTAxMzd8MHwxfHJhbmRvbXx8fHx8fHx8fDE2MjgzNDk5NTc&ixlib=rb-1.2.1&q=80&w=1080 HTTP/1.1" 200 99896
2021-08-07 20:55:57,686 file captured
2021-08-07 20:56:31,728 Starting
2021-08-07 20:56:31,731 Starting new HTTPS connection (1): api.unsplash.com:443
2021-08-07 20:56:32,160 https://api.unsplash.com:443 "GET /photos/random/?client_id=JSysTPmxs7td5lrkdFAKk0BWFz59bvX20cQGZgZ9cj8 HTTP/1.1" 200 1078
2021-08-07 20:56:32,162 Starting new HTTPS connection (1): images.unsplash.com:443
2021-08-07 20:56:32,283 https://images.unsplash.com:443 "GET /photo-1625371002560-da816ae07fac?crop=entropy&cs=tinysrgb&fit=max&fm=jpg&ixid=MnwyNTA0ODB8MHwxfHJhbmRvbXx8fHx8fHx8fDE2MjgzNDk5OTE&ixlib=rb-1.2.1&q=80&w=1080 HTTP/1.1" 200 151212
2021-08-07 20:56:32,551 Starting new HTTPS connection (1): api.unsplash.com:443
2021-08-07 20:56:33,182 https://api.unsplash.com:443 "GET /photos/random/?client_id=PDAZxGeRIFqAp9tocGP4IzRrd_uieafOJt9JiJpAlFw HTTP/1.1" 200 1138
2021-08-07 20:56:33,187 Starting new HTTPS connection (1): images.unsplash.com:443
2021-08-07 20:56:33,494 https://images.unsplash.com:443 "GET /photo-1609608934376-e9a499e6ef67?crop=entropy&cs=tinysrgb&fit=max&fm=jpg&ixid=MnwyNTA0ODV8MHwxfHJhbmRvbXx8fHx8fHx8fDE2MjgzNDk5OTI&ixlib=rb-1.2.1&q=80&w=1080 HTTP/1.1" 200 240421
2021-08-07 20:56:34,084 file captured
2021-08-07 20:56:40,351 Starting
2021-08-07 20:56:40,355 Starting new HTTPS connection (1): api.unsplash.com:443
2021-08-07 20:56:40,824 https://api.unsplash.com:443 "GET /photos/random/?client_id=_MyBzLAGvQqRAFe8iig7x_BDpNmyckAeNY3rei89x9s HTTP/1.1" 200 1111
2021-08-07 20:56:40,827 Starting new HTTPS connection (1): images.unsplash.com:443
2021-08-07 20:56:40,960 https://images.unsplash.com:443 "GET /photo-1588948378271-ae6cf0060ff8?crop=entropy&cs=tinysrgb&fit=max&fm=jpg&ixid=MnwyNTAxMzd8MHwxfHJhbmRvbXx8fHx8fHx8fDE2MjgzNTAwMDA&ixlib=rb-1.2.1&q=80&w=1080 HTTP/1.1" 200 294965
2021-08-07 20:56:41,576 Starting new HTTPS connection (1): api.unsplash.com:443
2021-08-07 20:56:41,995 https://api.unsplash.com:443 "GET /photos/random/?client_id=JSysTPmxs7td5lrkdFAKk0BWFz59bvX20cQGZgZ9cj8 HTTP/1.1" 200 1157
2021-08-07 20:56:41,998 Starting new HTTPS connection (1): images.unsplash.com:443
2021-08-07 20:56:42,114 https://images.unsplash.com:443 "GET /photo-1625746283288-8a13ce2f5b62?crop=entropy&cs=tinysrgb&fit=max&fm=jpg&ixid=MnwyNTA0ODB8MHwxfHJhbmRvbXx8fHx8fHx8fDE2MjgzNTAwMDE&ixlib=rb-1.2.1&q=80&w=1080 HTTP/1.1" 200 174300
2021-08-07 20:56:43,155 file captured
2021-08-07 20:56:45,019 Starting
2021-08-07 20:56:45,022 Starting new HTTPS connection (1): api.unsplash.com:443
2021-08-07 20:56:45,439 https://api.unsplash.com:443 "GET /photos/random/?client_id=PDAZxGeRIFqAp9tocGP4IzRrd_uieafOJt9JiJpAlFw HTTP/1.1" 200 1127
2021-08-07 20:56:45,442 Starting new HTTPS connection (1): images.unsplash.com:443
2021-08-07 20:56:45,574 https://images.unsplash.com:443 "GET /photo-1625683537130-6f84622aa9df?crop=entropy&cs=tinysrgb&fit=max&fm=jpg&ixid=MnwyNTA0ODV8MHwxfHJhbmRvbXx8fHx8fHx8fDE2MjgzNTAwMDU&ixlib=rb-1.2.1&q=80&w=1080 HTTP/1.1" 200 525400
2021-08-07 20:56:46,786 Starting new HTTPS connection (1): api.unsplash.com:443
2021-08-07 20:56:47,472 https://api.unsplash.com:443 "GET /photos/random/?client_id=_MyBzLAGvQqRAFe8iig7x_BDpNmyckAeNY3rei89x9s HTTP/1.1" 200 1130
2021-08-07 20:56:47,476 Starting new HTTPS connection (1): images.unsplash.com:443
2021-08-07 20:56:47,971 https://images.unsplash.com:443 "GET /photo-1625580230866-fc65bc564076?crop=entropy&cs=tinysrgb&fit=max&fm=jpg&ixid=MnwyNTAxMzd8MHwxfHJhbmRvbXx8fHx8fHx8fDE2MjgzNTAwMDc&ixlib=rb-1.2.1&q=80&w=1080 HTTP/1.1" 200 231922
2021-08-07 20:56:48,347 file captured
2021-08-07 20:56:50,274 Starting
2021-08-07 20:56:50,278 Starting new HTTPS connection (1): api.unsplash.com:443
2021-08-07 20:56:51,954 https://api.unsplash.com:443 "GET /photos/random/?client_id=JSysTPmxs7td5lrkdFAKk0BWFz59bvX20cQGZgZ9cj8 HTTP/1.1" 200 1081
2021-08-07 20:56:51,957 Starting new HTTPS connection (1): images.unsplash.com:443
2021-08-07 20:56:52,113 https://images.unsplash.com:443 "GET /photo-1626066950807-7daad3a4b6cb?crop=entropy&cs=tinysrgb&fit=max&fm=jpg&ixid=MnwyNTA0ODB8MHwxfHJhbmRvbXx8fHx8fHx8fDE2MjgzNTAwMTE&ixlib=rb-1.2.1&q=80&w=1080 HTTP/1.1" 200 227529
2021-08-07 20:56:52,575 Starting new HTTPS connection (1): api.unsplash.com:443
2021-08-07 20:56:52,995 https://api.unsplash.com:443 "GET /photos/random/?client_id=PDAZxGeRIFqAp9tocGP4IzRrd_uieafOJt9JiJpAlFw HTTP/1.1" 200 1107
2021-08-07 20:56:52,999 Starting new HTTPS connection (1): images.unsplash.com:443
2021-08-07 20:56:53,127 https://images.unsplash.com:443 "GET /photo-1626455315318-14b8b561c2d1?crop=entropy&cs=tinysrgb&fit=max&fm=jpg&ixid=MnwyNTA0ODV8MHwxfHJhbmRvbXx8fHx8fHx8fDE2MjgzNTAwMTI&ixlib=rb-1.2.1&q=80&w=1080 HTTP/1.1" 200 224750
2021-08-07 20:56:53,551 file captured
2021-08-07 20:56:58,859 Starting
2021-08-07 20:56:58,872 Starting new HTTPS connection (1): api.unsplash.com:443
2021-08-07 20:56:59,337 https://api.unsplash.com:443 "GET /photos/random/?client_id=_MyBzLAGvQqRAFe8iig7x_BDpNmyckAeNY3rei89x9s HTTP/1.1" 200 1116
2021-08-07 20:56:59,346 Starting new HTTPS connection (1): images.unsplash.com:443
2021-08-07 20:56:59,500 https://images.unsplash.com:443 "GET /photo-1627420938305-24674cf7d448?crop=entropy&cs=tinysrgb&fit=max&fm=jpg&ixid=MnwyNTAxMzd8MHwxfHJhbmRvbXx8fHx8fHx8fDE2MjgzNTAwMTk&ixlib=rb-1.2.1&q=80&w=1080 HTTP/1.1" 200 353178
2021-08-07 20:57:00,197 Starting new HTTPS connection (1): api.unsplash.com:443
2021-08-07 20:57:00,599 https://api.unsplash.com:443 "GET /photos/random/?client_id=JSysTPmxs7td5lrkdFAKk0BWFz59bvX20cQGZgZ9cj8 HTTP/1.1" 200 1161
2021-08-07 20:57:00,609 Starting new HTTPS connection (1): images.unsplash.com:443
2021-08-07 20:57:00,769 https://images.unsplash.com:443 "GET /photo-1624875978657-b5c29f2fb8bb?crop=entropy&cs=tinysrgb&fit=max&fm=jpg&ixid=MnwyNTA0ODB8MHwxfHJhbmRvbXx8fHx8fHx8fDE2MjgzNTAwMjA&ixlib=rb-1.2.1&q=80&w=1080 HTTP/1.1" 200 442576
2021-08-07 20:57:01,557 file captured
2021-08-07 20:57:04,366 Starting
2021-08-07 20:57:04,369 Starting new HTTPS connection (1): api.unsplash.com:443
2021-08-07 20:57:04,825 https://api.unsplash.com:443 "GET /photos/random/?client_id=PDAZxGeRIFqAp9tocGP4IzRrd_uieafOJt9JiJpAlFw HTTP/1.1" 200 1126
2021-08-07 20:57:05,636 Starting new HTTPS connection (1): images.unsplash.com:443
2021-08-07 20:57:06,413 https://images.unsplash.com:443 "GET /photo-1627691541764-85b6e9003bec?crop=entropy&cs=tinysrgb&fit=max&fm=jpg&ixid=MnwyNTA0ODV8MHwxfHJhbmRvbXx8fHx8fHx8fDE2MjgzNTAwMjQ&ixlib=rb-1.2.1&q=80&w=1080 HTTP/1.1" 200 222462
2021-08-07 20:57:06,924 Starting new HTTPS connection (1): api.unsplash.com:443
2021-08-07 20:57:07,351 https://api.unsplash.com:443 "GET /photos/random/?client_id=_MyBzLAGvQqRAFe8iig7x_BDpNmyckAeNY3rei89x9s HTTP/1.1" 200 1181
2021-08-07 20:57:07,361 Starting new HTTPS connection (1): images.unsplash.com:443
2021-08-07 20:57:07,551 https://images.unsplash.com:443 "GET /photo-1627669729462-2be44dc77c8d?crop=entropy&cs=tinysrgb&fit=max&fm=jpg&ixid=MnwyNTAxMzd8MHwxfHJhbmRvbXx8fHx8fHx8fDE2MjgzNTAwMjc&ixlib=rb-1.2.1&q=80&w=1080 HTTP/1.1" 200 155963
2021-08-07 20:57:07,983 file captured
